<?xml version="1.0" encoding="UTF-8"?>
<robot generator="Robot 6.1.1 (Python 3.10.14 on darwin)" generated="20240709 22:54:59.045" rpa="false" schemaversion="4">
<suite id="s1" name="Tests" source="/Users/sofianbali/Documents/MDS/B3/Qualite/TP/robot_framework/Tests">
<suite id="s1-s1" name="Employee Management" source="/Users/sofianbali/Documents/MDS/B3/Qualite/TP/robot_framework/Tests/employee_management.robot">
<test id="s1-s1-t1" name="Modify Employee Information" line="10">
<kw name="Modify Employee Information" library="employee_steps">
<arg>John Doe</arg>
<arg>Jonathan</arg>
<arg>Doe</arg>
<kw name="Open Browser To OrangeHRM" library="keyword">
<kw name="Open Browser" library="SeleniumLibrary">
<arg>${URL}</arg>
<arg>${BROWSER}</arg>
<doc>Opens a new browser instance to the optional ``url``.</doc>
<msg timestamp="20240709 22:54:59.124" level="INFO">Opening browser 'chrome' to base url 'https://opensource-demo.orangehrmlive.com/web/index.php/auth/login'.</msg>
<status status="PASS" starttime="20240709 22:54:59.124" endtime="20240709 22:55:01.245"/>
</kw>
<kw name="Maximize Browser Window" library="SeleniumLibrary">
<doc>Maximizes current browser window.</doc>
<status status="PASS" starttime="20240709 22:55:01.245" endtime="20240709 22:55:01.606"/>
</kw>
<kw name="Wait Until Element Is Visible" library="SeleniumLibrary">
<arg>xpath://input[@name='username']</arg>
<arg>10</arg>
<doc>Waits until the element ``locator`` is visible.</doc>
<status status="PASS" starttime="20240709 22:55:01.607" endtime="20240709 22:55:01.623"/>
</kw>
<status status="PASS" starttime="20240709 22:54:59.124" endtime="20240709 22:55:01.623"/>
</kw>
<kw name="Login To OrangeHRM" library="keyword">
<arg>${USERNAME}</arg>
<arg>${PASSWORD}</arg>
<kw name="Input Text" library="SeleniumLibrary">
<arg>xpath://input[@name='username']</arg>
<arg>${username}</arg>
<doc>Types the given ``text`` into the text field identified by ``locator``.</doc>
<msg timestamp="20240709 22:55:01.624" level="INFO">Typing text 'Admin' into text field 'xpath://input[@name='username']'.</msg>
<status status="PASS" starttime="20240709 22:55:01.624" endtime="20240709 22:55:01.708"/>
</kw>
<kw name="Input Text" library="SeleniumLibrary">
<arg>xpath://input[@name='password']</arg>
<arg>${password}</arg>
<doc>Types the given ``text`` into the text field identified by ``locator``.</doc>
<msg timestamp="20240709 22:55:01.708" level="INFO">Typing text 'admin123' into text field 'xpath://input[@name='password']'.</msg>
<status status="PASS" starttime="20240709 22:55:01.708" endtime="20240709 22:55:01.741"/>
</kw>
<kw name="Click Button" library="SeleniumLibrary">
<arg>xpath://button[@type='submit']</arg>
<doc>Clicks the button identified by ``locator``.</doc>
<msg timestamp="20240709 22:55:01.742" level="INFO">Clicking button 'xpath://button[@type='submit']'.</msg>
<status status="PASS" starttime="20240709 22:55:01.741" endtime="20240709 22:55:02.660"/>
</kw>
<kw name="Wait Until Page Contains Element" library="SeleniumLibrary">
<arg>xpath://a[@class='oxd-main-menu-item']</arg>
<arg>10</arg>
<doc>Waits until the element ``locator`` appears on the current page.</doc>
<status status="PASS" starttime="20240709 22:55:02.660" endtime="20240709 22:55:02.884"/>
</kw>
<status status="PASS" starttime="20240709 22:55:01.623" endtime="20240709 22:55:02.884"/>
</kw>
<kw name="Click Element" library="SeleniumLibrary">
<arg>xpath=//li[2]</arg>
<doc>Click the element identified by ``locator``.</doc>
<msg timestamp="20240709 22:55:02.884" level="INFO">Clicking element 'xpath=//li[2]'.</msg>
<status status="PASS" starttime="20240709 22:55:02.884" endtime="20240709 22:55:03.834"/>
</kw>
<kw name="Sleep" library="BuiltIn">
<arg>10</arg>
<doc>Pauses the test executed for the given time.</doc>
<msg timestamp="20240709 22:55:13.836" level="INFO">Slept 10 seconds</msg>
<status status="PASS" starttime="20240709 22:55:03.834" endtime="20240709 22:55:13.836"/>
</kw>
<kw name="Input Text" library="SeleniumLibrary">
<arg>xpath=//div[1]/div[2]/div[2]/div/div[1]/div[2]/form/div[1]/div/div[1]/div/div[2]/div/div/input</arg>
<arg>${employee_name}</arg>
<doc>Types the given ``text`` into the text field identified by ``locator``.</doc>
<msg timestamp="20240709 22:55:13.838" level="INFO">Typing text 'John Doe' into text field 'xpath=//div[1]/div[2]/div[2]/div/div[1]/div[2]/form/div[1]/div/div[1]/div/div[2]/div/div/input'.</msg>
<status status="PASS" starttime="20240709 22:55:13.837" endtime="20240709 22:55:13.881"/>
</kw>
<kw name="Click Button" library="SeleniumLibrary">
<arg>xpath=//button[@type='submit']</arg>
<doc>Clicks the button identified by ``locator``.</doc>
<msg timestamp="20240709 22:55:13.881" level="INFO">Clicking button 'xpath=//button[@type='submit']'.</msg>
<status status="PASS" starttime="20240709 22:55:13.881" endtime="20240709 22:55:13.913"/>
</kw>
<kw name="Sleep" library="BuiltIn">
<arg>5</arg>
<doc>Pauses the test executed for the given time.</doc>
<msg timestamp="20240709 22:55:18.913" level="INFO">Slept 5 seconds</msg>
<status status="PASS" starttime="20240709 22:55:13.913" endtime="20240709 22:55:18.913"/>
</kw>
<kw name="Click Element" library="SeleniumLibrary">
<arg>xpath=//i[contains(@class, 'bi-pencil-fill')]</arg>
<doc>Click the element identified by ``locator``.</doc>
<msg timestamp="20240709 22:55:18.914" level="INFO">Clicking element 'xpath=//i[contains(@class, 'bi-pencil-fill')]'.</msg>
<status status="PASS" starttime="20240709 22:55:18.913" endtime="20240709 22:55:19.383"/>
</kw>
<kw name="Sleep" library="BuiltIn">
<arg>5</arg>
<doc>Pauses the test executed for the given time.</doc>
<msg timestamp="20240709 22:55:24.384" level="INFO">Slept 5 seconds</msg>
<status status="PASS" starttime="20240709 22:55:19.384" endtime="20240709 22:55:24.385"/>
</kw>
<kw name="Click Element" library="SeleniumLibrary">
<arg>xpath=//input[@placeholder='First Name']</arg>
<doc>Click the element identified by ``locator``.</doc>
<msg timestamp="20240709 22:55:24.386" level="INFO">Clicking element 'xpath=//input[@placeholder='First Name']'.</msg>
<status status="PASS" starttime="20240709 22:55:24.385" endtime="20240709 22:55:24.415"/>
</kw>
<kw name="Press Keys" library="SeleniumLibrary">
<arg>xpath=//input[@placeholder='First Name']</arg>
<arg>COMMAND+A</arg>
<arg>BACKSPACE</arg>
<doc>Simulates the user pressing key(s) to an element or on the active browser.</doc>
<msg timestamp="20240709 22:55:24.416" level="INFO">Sending key(s) ('COMMAND+A', 'BACKSPACE') to xpath=//input[@placeholder='First Name'] element.</msg>
<msg timestamp="20240709 22:55:24.695" level="INFO">Pressing special key COMMAND down.</msg>
<msg timestamp="20240709 22:55:24.695" level="INFO">Sending key A</msg>
<msg timestamp="20240709 22:55:24.695" level="INFO">Releasing special key COMMAND.</msg>
<msg timestamp="20240709 22:55:24.700" level="INFO">Pressing special key BACKSPACE to element.</msg>
<msg timestamp="20240709 22:55:24.700" level="INFO">Releasing special key BACKSPACE.</msg>
<status status="PASS" starttime="20240709 22:55:24.415" endtime="20240709 22:55:24.708"/>
</kw>
<kw name="Click Element" library="SeleniumLibrary">
<arg>xpath=//input[@placeholder='Last Name']</arg>
<doc>Click the element identified by ``locator``.</doc>
<msg timestamp="20240709 22:55:24.708" level="INFO">Clicking element 'xpath=//input[@placeholder='Last Name']'.</msg>
<status status="PASS" starttime="20240709 22:55:24.708" endtime="20240709 22:55:24.727"/>
</kw>
<kw name="Press Keys" library="SeleniumLibrary">
<arg>xpath=//input[@placeholder='Last Name']</arg>
<arg>COMMAND+A</arg>
<arg>BACKSPACE</arg>
<doc>Simulates the user pressing key(s) to an element or on the active browser.</doc>
<msg timestamp="20240709 22:55:24.728" level="INFO">Sending key(s) ('COMMAND+A', 'BACKSPACE') to xpath=//input[@placeholder='Last Name'] element.</msg>
<msg timestamp="20240709 22:55:24.994" level="INFO">Pressing special key COMMAND down.</msg>
<msg timestamp="20240709 22:55:24.994" level="INFO">Sending key A</msg>
<msg timestamp="20240709 22:55:24.994" level="INFO">Releasing special key COMMAND.</msg>
<msg timestamp="20240709 22:55:24.999" level="INFO">Pressing special key BACKSPACE to element.</msg>
<msg timestamp="20240709 22:55:25.000" level="INFO">Releasing special key BACKSPACE.</msg>
<status status="PASS" starttime="20240709 22:55:24.727" endtime="20240709 22:55:25.006"/>
</kw>
<kw name="Input Text" library="SeleniumLibrary">
<arg>xpath=//input[@placeholder='First Name']</arg>
<arg>${new_first_name}</arg>
<doc>Types the given ``text`` into the text field identified by ``locator``.</doc>
<msg timestamp="20240709 22:55:25.006" level="INFO">Typing text 'Jonathan' into text field 'xpath=//input[@placeholder='First Name']'.</msg>
<status status="PASS" starttime="20240709 22:55:25.006" endtime="20240709 22:55:25.038"/>
</kw>
<kw name="Input Text" library="SeleniumLibrary">
<arg>xpath=//input[@placeholder='Last Name']</arg>
<arg>${new_last_name}</arg>
<doc>Types the given ``text`` into the text field identified by ``locator``.</doc>
<msg timestamp="20240709 22:55:25.039" level="INFO">Typing text 'Doe' into text field 'xpath=//input[@placeholder='Last Name']'.</msg>
<status status="PASS" starttime="20240709 22:55:25.038" endtime="20240709 22:55:25.075"/>
</kw>
<kw name="Click Button" library="SeleniumLibrary">
<arg>xpath=//button[@type='submit']</arg>
<doc>Clicks the button identified by ``locator``.</doc>
<msg timestamp="20240709 22:55:25.078" level="INFO">Clicking button 'xpath=//button[@type='submit']'.</msg>
<status status="PASS" starttime="20240709 22:55:25.075" endtime="20240709 22:55:25.115"/>
</kw>
<kw name="Sleep" library="BuiltIn">
<arg>10</arg>
<doc>Pauses the test executed for the given time.</doc>
<msg timestamp="20240709 22:55:35.117" level="INFO">Slept 10 seconds</msg>
<status status="PASS" starttime="20240709 22:55:25.115" endtime="20240709 22:55:35.117"/>
</kw>
<kw name="Wait Until Element Is Visible" library="SeleniumLibrary">
<arg>xpath=//div[contains(@class, 'oxd-toast-content') and contains(text(), 'Successfully Updated')]</arg>
<doc>Waits until the element ``locator`` is visible.</doc>
<msg timestamp="20240709 22:55:40.359" level="INFO" html="true">&lt;/td&gt;&lt;/tr&gt;&lt;tr&gt;&lt;td colspan="3"&gt;&lt;a href="selenium-screenshot-13.png"&gt;&lt;img src="selenium-screenshot-13.png" width="800px"&gt;&lt;/a&gt;</msg>
<msg timestamp="20240709 22:55:40.359" level="FAIL">Element 'xpath=//div[contains(@class, 'oxd-toast-content') and contains(text(), 'Successfully Updated')]' not visible after 5 seconds.</msg>
<status status="FAIL" starttime="20240709 22:55:35.117" endtime="20240709 22:55:40.361"/>
</kw>
<kw name="Sleep" library="BuiltIn">
<arg>10</arg>
<doc>Pauses the test executed for the given time.</doc>
<status status="NOT RUN" starttime="20240709 22:55:40.361" endtime="20240709 22:55:40.361"/>
</kw>
<kw name="Wait Until Element Is Not Visible" library="SeleniumLibrary">
<arg>xpath=//div[contains(@class, 'oxd-toast-content') and contains(text(), 'Successfully Updated')]</arg>
<doc>Waits until the element ``locator`` is not visible.</doc>
<status status="NOT RUN" starttime="20240709 22:55:40.361" endtime="20240709 22:55:40.361"/>
</kw>
<kw name="Sleep" library="BuiltIn">
<arg>10</arg>
<doc>Pauses the test executed for the given time.</doc>
<status status="NOT RUN" starttime="20240709 22:55:40.361" endtime="20240709 22:55:40.361"/>
</kw>
<kw name="Logout From OrangeHRM" library="keyword">
<status status="NOT RUN" starttime="20240709 22:55:40.361" endtime="20240709 22:55:40.361"/>
</kw>
<kw name="Sleep" library="BuiltIn">
<arg>10</arg>
<doc>Pauses the test executed for the given time.</doc>
<status status="NOT RUN" starttime="20240709 22:55:40.361" endtime="20240709 22:55:40.361"/>
</kw>
<kw name="Close Browser" library="keyword">
<status status="NOT RUN" starttime="20240709 22:55:40.361" endtime="20240709 22:55:40.361"/>
</kw>
<status status="FAIL" starttime="20240709 22:54:59.124" endtime="20240709 22:55:40.361"/>
</kw>
<doc>Test de modification des informations d'un employé</doc>
<tag>modify_employee</tag>
<status status="FAIL" starttime="20240709 22:54:59.124" endtime="20240709 22:55:40.361">Element 'xpath=//div[contains(@class, 'oxd-toast-content') and contains(text(), 'Successfully Updated')]' not visible after 5 seconds.</status>
</test>
<status status="FAIL" starttime="20240709 22:54:59.053" endtime="20240709 22:55:40.362"/>
</suite>
<status status="FAIL" starttime="20240709 22:54:59.045" endtime="20240709 22:55:40.362"/>
</suite>
<statistics>
<total>
<stat pass="0" fail="1" skip="0">All Tests</stat>
</total>
<tag>
<stat pass="0" fail="1" skip="0">modify_employee</stat>
</tag>
<suite>
<stat pass="0" fail="1" skip="0" id="s1" name="Tests">Tests</stat>
<stat pass="0" fail="1" skip="0" id="s1-s1" name="Employee Management">Tests.Employee Management</stat>
</suite>
</statistics>
<errors>
</errors>
</robot>
